0 info it worked if it ends with ok
1 verbose cli [ '/usr/local/bin/node',
1 verbose cli   '/usr/local/bin/npm',
1 verbose cli   'install',
1 verbose cli   '-g',
1 verbose cli   'node-gyp' ]
2 info using npm@2.14.4
3 info using node@v4.1.1
4 verbose install initial load of /usr/local/lib/package.json
5 verbose readDependencies loading dependencies from /usr/local/lib/package.json
6 silly cache add args [ 'node-gyp', null ]
7 verbose cache add spec node-gyp
8 silly cache add parsed spec Result {
8 silly cache add   raw: 'node-gyp',
8 silly cache add   scope: null,
8 silly cache add   name: 'node-gyp',
8 silly cache add   rawSpec: '',
8 silly cache add   spec: '*',
8 silly cache add   type: 'range' }
9 silly addNamed node-gyp@*
10 verbose addNamed "*" is a valid semver range for node-gyp
11 silly addNameRange { name: 'node-gyp', range: '*', hasData: false }
12 silly mapToRegistry name node-gyp
13 silly mapToRegistry using default registry
14 silly mapToRegistry registry https://registry.npmjs.org/
15 silly mapToRegistry uri https://registry.npmjs.org/node-gyp
16 verbose addNameRange registry:https://registry.npmjs.org/node-gyp not in flight; fetching
17 verbose request uri https://registry.npmjs.org/node-gyp
18 verbose request no auth needed
19 info attempt registry request try #1 at 2:31:20 PM
20 verbose request id 2f3c9a87749ad18e
21 verbose etag "5KJ6Y9T7MAN1BSEUTW1D4KN3D"
22 http request GET https://registry.npmjs.org/node-gyp
23 http 200 https://registry.npmjs.org/node-gyp
24 silly get cb [ 200,
24 silly get   { server: 'CouchDB/1.5.0 (Erlang OTP/R16B03)',
24 silly get     etag: '"AYUBPH3KO52J4MJQT8RV6ECHB"',
24 silly get     'content-type': 'application/json',
24 silly get     'cache-control': 'max-age=300',
24 silly get     'content-length': '132734',
24 silly get     'accept-ranges': 'bytes',
24 silly get     date: 'Fri, 18 Mar 2016 18:31:21 GMT',
24 silly get     via: '1.1 varnish',
24 silly get     age: '175',
24 silly get     connection: 'keep-alive',
24 silly get     'x-served-by': 'cache-jfk1022-JFK',
24 silly get     'x-cache': 'HIT',
24 silly get     'x-cache-hits': '5',
24 silly get     'x-timer': 'S1458325881.183565,VS0,VE0',
24 silly get     vary: 'Accept' } ]
25 verbose get saving node-gyp to /Users/michaelpapesca/.npm/registry.npmjs.org/node-gyp/.cache.json
26 silly addNameRange number 2 { name: 'node-gyp', range: '*', hasData: true }
27 silly addNameRange versions [ 'node-gyp',
27 silly addNameRange   [ '0.0.1',
27 silly addNameRange     '0.0.2',
27 silly addNameRange     '0.0.3',
27 silly addNameRange     '0.0.4',
27 silly addNameRange     '0.0.5',
27 silly addNameRange     '0.0.6',
27 silly addNameRange     '0.1.0',
27 silly addNameRange     '0.1.1',
27 silly addNameRange     '0.1.2',
27 silly addNameRange     '0.1.3',
27 silly addNameRange     '0.1.4',
27 silly addNameRange     '0.2.0',
27 silly addNameRange     '0.2.1',
27 silly addNameRange     '0.2.2',
27 silly addNameRange     '0.3.0',
27 silly addNameRange     '0.3.1',
27 silly addNameRange     '0.3.2',
27 silly addNameRange     '0.3.4',
27 silly addNameRange     '0.3.5',
27 silly addNameRange     '0.3.6',
27 silly addNameRange     '0.3.7',
27 silly addNameRange     '0.3.8',
27 silly addNameRange     '0.3.9',
27 silly addNameRange     '0.3.10',
27 silly addNameRange     '0.3.11',
27 silly addNameRange     '0.4.0',
27 silly addNameRange     '0.4.1',
27 silly addNameRange     '0.4.2',
27 silly addNameRange     '0.4.3',
27 silly addNameRange     '0.4.4',
27 silly addNameRange     '0.4.5',
27 silly addNameRange     '0.5.0',
27 silly addNameRange     '0.5.1',
27 silly addNameRange     '0.5.2',
27 silly addNameRange     '0.5.3',
27 silly addNameRange     '0.5.4',
27 silly addNameRange     '0.5.5',
27 silly addNameRange     '0.5.6',
27 silly addNameRange     '0.5.7',
27 silly addNameRange     '0.5.8',
27 silly addNameRange     '0.6.0',
27 silly addNameRange     '0.6.1',
27 silly addNameRange     '0.6.2',
27 silly addNameRange     '0.6.3',
27 silly addNameRange     '0.6.4',
27 silly addNameRange     '0.6.5',
27 silly addNameRange     '0.6.6',
27 silly addNameRange     '0.6.7',
27 silly addNameRange     '0.6.8',
27 silly addNameRange     '0.6.9',
27 silly addNameRange     '0.6.10',
27 silly addNameRange     '0.6.11',
27 silly addNameRange     '0.7.0',
27 silly addNameRange     '0.7.1',
27 silly addNameRange     '0.7.2',
27 silly addNameRange     '0.7.3',
27 silly addNameRange     '0.8.0',
27 silly addNameRange     '0.8.1',
27 silly addNameRange     '0.8.2',
27 silly addNameRange     '0.8.3',
27 silly addNameRange     '0.8.4',
27 silly addNameRange     '0.8.5',
27 silly addNameRange     '0.9.0',
27 silly addNameRange     '0.9.1',
27 silly addNameRange     '0.9.2',
27 silly addNameRange     '0.9.3',
27 silly addNameRange     '0.9.4',
27 silly addNameRange     '0.9.5',
27 silly addNameRange     '0.9.6',
27 silly addNameRange     '0.10.0',
27 silly addNameRange     '0.10.1',
27 silly addNameRange     '0.10.2',
27 silly addNameRange     '0.10.3',
27 silly addNameRange     '0.10.4',
27 silly addNameRange     '0.10.5',
27 silly addNameRange     '0.10.6',
27 silly addNameRange     '0.10.7',
27 silly addNameRange     '0.10.8',
27 silly addNameRange     '0.10.9',
27 silly addNameRange     '0.10.10',
27 silly addNameRange     '0.11.0',
27 silly addNameRange     '0.12.0',
27 silly addNameRange     '0.12.1',
27 silly addNameRange     '0.12.2',
27 silly addNameRange     '0.13.0',
27 silly addNameRange     '0.13.1',
27 silly addNameRange     '1.0.0',
27 silly addNameRange     '1.0.1',
27 silly addNameRange     '1.0.2',
27 silly addNameRange     '1.0.3',
27 silly addNameRange     '2.0.0',
27 silly addNameRange     '2.0.1',
27 silly addNameRange     '2.0.2',
27 silly addNameRange     '3.0.0',
27 silly addNameRange     '3.0.1',
27 silly addNameRange     '3.0.2',
27 silly addNameRange     '3.0.3',
27 silly addNameRange     '3.1.0',
27 silly addNameRange     '3.2.0',
27 silly addNameRange     '3.2.1',
27 silly addNameRange     '3.3.0',
27 silly addNameRange     '3.3.1' ] ]
28 silly addNamed node-gyp@3.3.1
29 verbose addNamed "3.3.1" is a plain semver version for node-gyp
30 silly mapToRegistry name node-gyp
31 silly mapToRegistry using default registry
32 silly mapToRegistry registry https://registry.npmjs.org/
33 silly mapToRegistry uri https://registry.npmjs.org/node-gyp
34 verbose addRemoteTarball https://registry.npmjs.org/node-gyp/-/node-gyp-3.3.1.tgz not in flight; adding
35 verbose addRemoteTarball [ 'https://registry.npmjs.org/node-gyp/-/node-gyp-3.3.1.tgz',
35 verbose addRemoteTarball   '80f7b6d7c2f9c0495ba42c518a670c99bdf6e4a0' ]
36 info retry fetch attempt 1 at 2:31:20 PM
37 info attempt registry request try #1 at 2:31:20 PM
38 http fetch GET https://registry.npmjs.org/node-gyp/-/node-gyp-3.3.1.tgz
39 http fetch 200 https://registry.npmjs.org/node-gyp/-/node-gyp-3.3.1.tgz
40 silly fetchAndShaCheck shasum 80f7b6d7c2f9c0495ba42c518a670c99bdf6e4a0
41 verbose addTmpTarball /var/folders/qc/wqrml85x5_z4l8xk8v92pmvc0000gn/T/npm-41811-38151c52/registry.npmjs.org/node-gyp/-/node-gyp-3.3.1.tgz not in flight; adding
42 verbose addTmpTarball already have metadata; skipping unpack for node-gyp@3.3.1
43 silly cache afterAdd node-gyp@3.3.1
44 verbose afterAdd /Users/michaelpapesca/.npm/node-gyp/3.3.1/package/package.json not in flight; writing
45 verbose afterAdd /Users/michaelpapesca/.npm/node-gyp/3.3.1/package/package.json written
46 silly install resolved [ { name: 'node-gyp',
46 silly install resolved     description: 'Node.js native addon build tool',
46 silly install resolved     license: 'MIT',
46 silly install resolved     keywords: [ 'native', 'addon', 'module', 'c', 'c++', 'bindings', 'gyp' ],
46 silly install resolved     version: '3.3.1',
46 silly install resolved     installVersion: 9,
46 silly install resolved     author:
46 silly install resolved      { name: 'Nathan Rajlich',
46 silly install resolved        email: 'nathan@tootallnate.net',
46 silly install resolved        url: 'http://tootallnate.net' },
46 silly install resolved     repository: { type: 'git', url: 'git://github.com/nodejs/node-gyp.git' },
46 silly install resolved     preferGlobal: true,
46 silly install resolved     bin: { 'node-gyp': './bin/node-gyp.js' },
46 silly install resolved     main: './lib/node-gyp.js',
46 silly install resolved     dependencies:
46 silly install resolved      { fstream: '^1.0.0',
46 silly install resolved        glob: '3 || 4',
46 silly install resolved        'graceful-fs': '^4.1.2',
46 silly install resolved        minimatch: '1',
46 silly install resolved        mkdirp: '^0.5.0',
46 silly install resolved        nopt: '2 || 3',
46 silly install resolved        npmlog: '0 || 1 || 2',
46 silly install resolved        osenv: '0',
46 silly install resolved        'path-array': '^1.0.0',
46 silly install resolved        request: '2',
46 silly install resolved        rimraf: '2',
46 silly install resolved        semver: '2.x || 3.x || 4 || 5',
46 silly install resolved        tar: '^2.0.0',
46 silly install resolved        which: '1' },
46 silly install resolved     engines: { node: '>= 0.8.0' },
46 silly install resolved     devDependencies: { tape: '~4.2.0' },
46 silly install resolved     scripts: { test: 'tape test/test-*' },
46 silly install resolved     gitHead: '1dcf356ca7b658789447108b29a985c00ffcf0f5',
46 silly install resolved     bugs: { url: 'https://github.com/nodejs/node-gyp/issues' },
46 silly install resolved     homepage: 'https://github.com/nodejs/node-gyp#readme',
46 silly install resolved     _id: 'node-gyp@3.3.1',
46 silly install resolved     _shasum: '80f7b6d7c2f9c0495ba42c518a670c99bdf6e4a0',
46 silly install resolved     _from: 'node-gyp@*',
46 silly install resolved     _npmVersion: '3.3.12',
46 silly install resolved     _nodeVersion: '6.0.0-pre',
46 silly install resolved     _npmUser: { name: 'bnoordhuis', email: 'info@bnoordhuis.nl' },
46 silly install resolved     maintainers: [ [Object], [Object], [Object], [Object], [Object], [Object] ],
46 silly install resolved     dist:
46 silly install resolved      { shasum: '80f7b6d7c2f9c0495ba42c518a670c99bdf6e4a0',
46 silly install resolved        tarball: 'http://registry.npmjs.org/node-gyp/-/node-gyp-3.3.1.tgz' },
46 silly install resolved     _npmOperationalInternal:
46 silly install resolved      { host: 'packages-12-west.internal.npmjs.com',
46 silly install resolved        tmp: 'tmp/node-gyp-3.3.1.tgz_1457115144174_0.4018901875242591' },
46 silly install resolved     directories: {},
46 silly install resolved     _resolved: 'https://registry.npmjs.org/node-gyp/-/node-gyp-3.3.1.tgz' } ]
47 info install node-gyp@3.3.1 into /usr/local/lib
48 info installOne node-gyp@3.3.1
49 verbose installOne of node-gyp to /usr/local/lib not in flight; installing
50 verbose lock using /Users/michaelpapesca/.npm/_locks/node-gyp-7153cdcb940d3c17.lock for /usr/local/lib/node_modules/node-gyp
51 silly install write writing node-gyp 3.3.1 to /usr/local/lib/node_modules/node-gyp
52 verbose unbuild lib/node_modules/node-gyp
53 silly gentlyRm /usr/local/lib/node_modules/node-gyp is being purged from base /usr/local
54 verbose gentlyRm don't care about contents; nuking /usr/local/lib/node_modules/node-gyp
55 verbose tar unpack /Users/michaelpapesca/.npm/node-gyp/3.3.1/package.tgz
56 verbose tar unpacking to /usr/local/lib/node_modules/node-gyp
57 silly gentlyRm /usr/local/lib/node_modules/node-gyp is being purged
58 verbose gentlyRm don't care about contents; nuking /usr/local/lib/node_modules/node-gyp
59 silly gunzTarPerm modes [ '755', '644' ]
60 error tar.unpack untar error /Users/michaelpapesca/.npm/node-gyp/3.3.1/package.tgz
61 verbose unlock done using /Users/michaelpapesca/.npm/_locks/node-gyp-7153cdcb940d3c17.lock for /usr/local/lib/node_modules/node-gyp
62 verbose fstream_path /usr/local/lib/node_modules/node-gyp
63 verbose fstream_type Directory
64 verbose fstream_class DirWriter
65 verbose stack Error: EACCES: permission denied, mkdir '/usr/local/lib/node_modules/node-gyp'
65 verbose stack     at Error (native)
66 verbose fstream_stack /usr/local/lib/node_modules/npm/node_modules/fstream/lib/dir-writer.js:35:25
66 verbose fstream_stack /usr/local/lib/node_modules/npm/node_modules/mkdirp/index.js:47:53
66 verbose fstream_stack FSReqWrap.oncomplete (fs.js:82:15)
67 verbose cwd /Users/michaelpapesca/Developer/operating-systems-project
68 error Darwin 15.3.0
69 error argv "/usr/local/bin/node" "/usr/local/bin/npm" "install" "-g" "node-gyp"
70 error node v4.1.1
71 error npm  v2.14.4
72 error path /usr/local/lib/node_modules/node-gyp
73 error code EACCES
74 error errno -13
75 error syscall mkdir
76 error Error: EACCES: permission denied, mkdir '/usr/local/lib/node_modules/node-gyp'
76 error     at Error (native)
76 error  { [Error: EACCES: permission denied, mkdir '/usr/local/lib/node_modules/node-gyp']
76 error   errno: -13,
76 error   code: 'EACCES',
76 error   syscall: 'mkdir',
76 error   path: '/usr/local/lib/node_modules/node-gyp',
76 error   fstream_type: 'Directory',
76 error   fstream_path: '/usr/local/lib/node_modules/node-gyp',
76 error   fstream_class: 'DirWriter',
76 error   fstream_stack:
76 error    [ '/usr/local/lib/node_modules/npm/node_modules/fstream/lib/dir-writer.js:35:25',
76 error      '/usr/local/lib/node_modules/npm/node_modules/mkdirp/index.js:47:53',
76 error      'FSReqWrap.oncomplete (fs.js:82:15)' ] }
77 error Please try running this command again as root/Administrator.
78 verbose exit [ -13, true ]
79 verbose unbuild lib/node_modules/node-gyp
80 silly gentlyRm /usr/local/lib/node_modules/node-gyp is being purged from base /usr/local
81 verbose gentlyRm don't care about contents; nuking /usr/local/lib/node_modules/node-gyp
